#
# There is insufficient memory for the Java Runtime Environment to continue.
# Native memory allocation (malloc) failed to allocate 620336 bytes for Chunk::new
# Possible reasons:
#   The system is out of physical RAM or swap space
#   The process is running with CompressedOops enabled, and the Java Heap may be blocking the growth of the native heap
# Possible solutions:
#   Reduce memory load on the system
#   Increase physical memory or swap space
#   Check if swap backing store is full
#   Decrease Java heap size (-Xmx/-Xms)
#   Decrease number of Java threads
#   Decrease Java thread stack sizes (-Xss)
#   Set larger code cache with -XX:ReservedCodeCacheSize=
#   JVM is running with Zero Based Compressed Oops mode in which the Java heap is
#     placed in the first 32GB address space. The Java Heap base address is the
#     maximum limit for the native heap growth. Please use -XX:HeapBaseMinAddress
#     to set the Java Heap base and to place the Java Heap above 32GB virtual address.
# This output file may be truncated or incomplete.
#
#  Out of Memory Error (allocation.cpp:389), pid=20336, tid=0x00000000000016fc
#
# JRE version: Java(TM) SE Runtime Environment (8.0_311-b11) (build 1.8.0_311-b11)
# Java VM: Java HotSpot(TM) 64-Bit Server VM (25.311-b11 mixed mode windows-amd64 compressed oops)
# Failed to write core dump. Minidumps are not enabled by default on client versions of Windows
#

---------------  T H R E A D  ---------------

Current thread (0x0000014e1f296000):  JavaThread "C2 CompilerThread1" daemon [_thread_in_native, id=5884, stack(0x0000001c6e700000,0x0000001c6e800000)]

Stack: [0x0000001c6e700000,0x0000001c6e800000]
Native frames: (J=compiled Java code, j=interpreted, Vv=VM code, C=native code)
V  [jvm.dll+0x32f239]
V  [jvm.dll+0x275882]
V  [jvm.dll+0x27652d]
V  [jvm.dll+0x26cf65]
V  [jvm.dll+0xd558c]
V  [jvm.dll+0xd5d8c]
V  [jvm.dll+0x470b13]
V  [jvm.dll+0x4383c8]
V  [jvm.dll+0x441215]
V  [jvm.dll+0x4405d5]
V  [jvm.dll+0x42b38b]
V  [jvm.dll+0xac22b]
V  [jvm.dll+0xaa88b]
V  [jvm.dll+0x23df22]
V  [jvm.dll+0x29253c]
C  [ucrtbase.dll+0x21bb2]
C  [KERNEL32.DLL+0x17034]
C  [ntdll.dll+0x52651]


Current CompileTask:
C2:  28165 14009   !   4       com.fasterxml.jackson.databind.ObjectMapper::writeValueAsString (45 bytes)


---------------  P R O C E S S  ---------------

Java Threads: ( => current thread )
  0x0000014e26979800 JavaThread "org.apache.hadoop.fs.FileSystem$Statistics$StatisticsDataReferenceCleaner" daemon [_thread_blocked, id=23616, stack(0x0000001c7df00000,0x0000001c7e000000)]
  0x0000014e2697e000 JavaThread "Executor task launch worker for task 974" daemon [_thread_in_Java, id=3088, stack(0x0000001c7de00000,0x0000001c7df00000)]
  0x0000014e2697d000 JavaThread "block-manager-ask-thread-pool-99" daemon [_thread_blocked, id=23192, stack(0x0000001c7dd00000,0x0000001c7de00000)]
  0x0000014e26971000 JavaThread "block-manager-ask-thread-pool-98" daemon [_thread_blocked, id=23852, stack(0x0000001c7dc00000,0x0000001c7dd00000)]
  0x0000014e26978000 JavaThread "block-manager-ask-thread-pool-97" daemon [_thread_blocked, id=10748, stack(0x0000001c7d900000,0x0000001c7da00000)]
  0x0000014e26977000 JavaThread "block-manager-ask-thread-pool-96" daemon [_thread_blocked, id=16548, stack(0x0000001c7d800000,0x0000001c7d900000)]
  0x0000014e26976800 JavaThread "block-manager-ask-thread-pool-95" daemon [_thread_blocked, id=19308, stack(0x0000001c7d700000,0x0000001c7d800000)]
  0x0000014e26974000 JavaThread "block-manager-ask-thread-pool-94" daemon [_thread_blocked, id=23932, stack(0x0000001c7d600000,0x0000001c7d700000)]
  0x0000014e26973800 JavaThread "block-manager-ask-thread-pool-93" daemon [_thread_blocked, id=17568, stack(0x0000001c7d500000,0x0000001c7d600000)]
  0x0000014e26975800 JavaThread "block-manager-ask-thread-pool-92" daemon [_thread_blocked, id=19812, stack(0x0000001c7d400000,0x0000001c7d500000)]
  0x0000014e26970800 JavaThread "block-manager-ask-thread-pool-91" daemon [_thread_blocked, id=24816, stack(0x0000001c7d300000,0x0000001c7d400000)]
  0x0000014e26972800 JavaThread "block-manager-ask-thread-pool-90" daemon [_thread_blocked, id=17312, stack(0x0000001c7d200000,0x0000001c7d300000)]
  0x0000014e26975000 JavaThread "block-manager-ask-thread-pool-89" daemon [_thread_blocked, id=16160, stack(0x0000001c7d100000,0x0000001c7d200000)]
  0x0000014e26972000 JavaThread "block-manager-ask-thread-pool-88" daemon [_thread_blocked, id=21204, stack(0x0000001c7d000000,0x0000001c7d100000)]
  0x0000014e25299800 JavaThread "block-manager-ask-thread-pool-87" daemon [_thread_blocked, id=7852, stack(0x0000001c7cf00000,0x0000001c7d000000)]
  0x0000014e25292000 JavaThread "block-manager-ask-thread-pool-86" daemon [_thread_blocked, id=24876, stack(0x0000001c7ce00000,0x0000001c7cf00000)]
  0x0000014e25298000 JavaThread "block-manager-ask-thread-pool-85" daemon [_thread_blocked, id=24868, stack(0x0000001c7cd00000,0x0000001c7ce00000)]
  0x0000014e25293000 JavaThread "block-manager-ask-thread-pool-84" daemon [_thread_blocked, id=17356, stack(0x0000001c7cc00000,0x0000001c7cd00000)]
  0x0000014e25297800 JavaThread "block-manager-ask-thread-pool-83" daemon [_thread_blocked, id=1832, stack(0x0000001c7cb00000,0x0000001c7cc00000)]
  0x0000014e25295000 JavaThread "block-manager-ask-thread-pool-82" daemon [_thread_blocked, id=10976, stack(0x0000001c7ca00000,0x0000001c7cb00000)]
  0x0000014e25296000 JavaThread "block-manager-ask-thread-pool-81" daemon [_thread_blocked, id=25544, stack(0x0000001c7c900000,0x0000001c7ca00000)]
  0x0000014e25294800 JavaThread "block-manager-ask-thread-pool-80" daemon [_thread_blocked, id=18308, stack(0x0000001c7c800000,0x0000001c7c900000)]
  0x0000014e25299000 JavaThread "block-manager-ask-thread-pool-79" daemon [_thread_blocked, id=11892, stack(0x0000001c7c700000,0x0000001c7c800000)]
  0x0000014e25296800 JavaThread "block-manager-ask-thread-pool-78" daemon [_thread_blocked, id=9912, stack(0x0000001c7c600000,0x0000001c7c700000)]
  0x0000014e25291800 JavaThread "block-manager-ask-thread-pool-77" daemon [_thread_blocked, id=11052, stack(0x0000001c7c500000,0x0000001c7c600000)]
  0x0000014e25293800 JavaThread "block-manager-ask-thread-pool-76" daemon [_thread_blocked, id=9844, stack(0x0000001c7c400000,0x0000001c7c500000)]
  0x0000014e2528b800 JavaThread "block-manager-ask-thread-pool-75" daemon [_thread_blocked, id=24064, stack(0x0000001c7c300000,0x0000001c7c400000)]
  0x0000014e25290000 JavaThread "block-manager-ask-thread-pool-74" daemon [_thread_blocked, id=1868, stack(0x0000001c7c200000,0x0000001c7c300000)]
  0x0000014e2528a800 JavaThread "block-manager-ask-thread-pool-73" daemon [_thread_blocked, id=2868, stack(0x0000001c7c100000,0x0000001c7c200000)]
  0x0000014e2528f000 JavaThread "block-manager-ask-thread-pool-72" daemon [_thread_blocked, id=23008, stack(0x0000001c7c000000,0x0000001c7c100000)]
  0x0000014e2528d000 JavaThread "block-manager-ask-thread-pool-71" daemon [_thread_blocked, id=21272, stack(0x0000001c7bf00000,0x0000001c7c000000)]
  0x0000014e25290800 JavaThread "block-manager-ask-thread-pool-70" daemon [_thread_blocked, id=19600, stack(0x0000001c7be00000,0x0000001c7bf00000)]
  0x0000014e2528a000 JavaThread "block-manager-ask-thread-pool-69" daemon [_thread_blocked, id=11552, stack(0x0000001c7bd00000,0x0000001c7be00000)]
  0x0000014e25287800 JavaThread "block-manager-ask-thread-pool-68" daemon [_thread_blocked, id=11912, stack(0x0000001c7bc00000,0x0000001c7bd00000)]
  0x0000014e2528e800 JavaThread "block-manager-ask-thread-pool-67" daemon [_thread_blocked, id=23380, stack(0x0000001c7bb00000,0x0000001c7bc00000)]
  0x0000014e25288800 JavaThread "block-manager-ask-thread-pool-66" daemon [_thread_blocked, id=2416, stack(0x0000001c7ba00000,0x0000001c7bb00000)]
  0x0000014e25289000 JavaThread "block-manager-ask-thread-pool-65" daemon [_thread_blocked, id=13920, stack(0x0000001c7b900000,0x0000001c7ba00000)]
  0x0000014e2528c000 JavaThread "block-manager-ask-thread-pool-64" daemon [_thread_blocked, id=24032, stack(0x0000001c7b800000,0x0000001c7b900000)]
  0x0000014e25280000 JavaThread "block-manager-ask-thread-pool-63" daemon [_thread_blocked, id=22416, stack(0x0000001c7b700000,0x0000001c7b800000)]
  0x0000014e25287000 JavaThread "block-manager-ask-thread-pool-62" daemon [_thread_blocked, id=24004, stack(0x0000001c7b600000,0x0000001c7b700000)]
  0x0000014e25286000 JavaThread "block-manager-ask-thread-pool-61" daemon [_thread_blocked, id=6980, stack(0x0000001c7b500000,0x0000001c7b600000)]
  0x0000014e25285000 JavaThread "block-manager-ask-thread-pool-60" daemon [_thread_blocked, id=8548, stack(0x0000001c7b400000,0x0000001c7b500000)]
  0x0000014e25284800 JavaThread "block-manager-ask-thread-pool-59" daemon [_thread_blocked, id=22812, stack(0x0000001c7b300000,0x0000001c7b400000)]
  0x0000014e2527f000 JavaThread "block-manager-ask-thread-pool-58" daemon [_thread_blocked, id=19996, stack(0x0000001c7b200000,0x0000001c7b300000)]
  0x0000014e25283800 JavaThread "block-manager-ask-thread-pool-57" daemon [_thread_blocked, id=5740, stack(0x0000001c7b100000,0x0000001c7b200000)]
  0x0000014e25283000 JavaThread "block-manager-ask-thread-pool-56" daemon [_thread_blocked, id=23064, stack(0x0000001c7b000000,0x0000001c7b100000)]
  0x0000014e2527d800 JavaThread "block-manager-ask-thread-pool-55" daemon [_thread_blocked, id=11744, stack(0x0000001c7af00000,0x0000001c7b000000)]
  0x0000014e2527b800 JavaThread "block-manager-ask-thread-pool-54" daemon [_thread_blocked, id=20308, stack(0x0000001c7ae00000,0x0000001c7af00000)]
  0x0000014e25282000 JavaThread "block-manager-ask-thread-pool-53" daemon [_thread_blocked, id=23564, stack(0x0000001c7ad00000,0x0000001c7ae00000)]
  0x0000014e2527c000 JavaThread "block-manager-ask-thread-pool-52" daemon [_thread_blocked, id=19220, stack(0x0000001c7ac00000,0x0000001c7ad00000)]
  0x0000014e2527d000 JavaThread "block-manager-ask-thread-pool-51" daemon [_thread_blocked, id=10000, stack(0x0000001c7ab00000,0x0000001c7ac00000)]
  0x0000014e2527a800 JavaThread "block-manager-ask-thread-pool-50" daemon [_thread_blocked, id=17284, stack(0x0000001c7aa00000,0x0000001c7ab00000)]
  0x0000014e25281800 JavaThread "block-manager-ask-thread-pool-49" daemon [_thread_blocked, id=15564, stack(0x0000001c7a900000,0x0000001c7aa00000)]
  0x0000014e2527e800 JavaThread "block-manager-ask-thread-pool-48" daemon [_thread_blocked, id=23776, stack(0x0000001c7a800000,0x0000001c7a900000)]
  0x0000014e25280800 JavaThread "block-manager-slave-async-thread-pool-99" daemon [_thread_blocked, id=19936, stack(0x0000001c7a700000,0x0000001c7a800000)]
  0x0000014e21420800 JavaThread "block-manager-slave-async-thread-pool-98" daemon [_thread_blocked, id=21412, stack(0x0000001c7a600000,0x0000001c7a700000)]
  0x0000014e21420000 JavaThread "block-manager-slave-async-thread-pool-97" daemon [_thread_blocked, id=6556, stack(0x0000001c7a500000,0x0000001c7a600000)]
  0x0000014e2141f000 JavaThread "block-manager-slave-async-thread-pool-96" daemon [_thread_blocked, id=3308, stack(0x0000001c7a400000,0x0000001c7a500000)]
  0x0000014e2141e000 JavaThread "block-manager-slave-async-thread-pool-95" daemon [_thread_blocked, id=24948, stack(0x0000001c7a300000,0x0000001c7a400000)]
  0x0000014e2141c800 JavaThread "block-manager-slave-async-thread-pool-94" daemon [_thread_blocked, id=19892, stack(0x0000001c7a200000,0x0000001c7a300000)]
  0x0000014e2141c000 JavaThread "block-manager-slave-async-thread-pool-93" daemon [_thread_blocked, id=18936, stack(0x0000001c7a100000,0x0000001c7a200000)]
  0x0000014e2141d800 JavaThread "block-manager-slave-async-thread-pool-92" daemon [_thread_blocked, id=15684, stack(0x0000001c7a000000,0x0000001c7a100000)]
  0x0000014e2141a800 JavaThread "block-manager-slave-async-thread-pool-91" daemon [_thread_blocked, id=24744, stack(0x0000001c79f00000,0x0000001c7a000000)]
  0x0000014e2141b000 JavaThread "block-manager-slave-async-thread-pool-90" daemon [_thread_blocked, id=21564, stack(0x0000001c79e00000,0x0000001c79f00000)]
  0x0000014e21413000 JavaThread "block-manager-slave-async-thread-pool-89" daemon [_thread_blocked, id=11096, stack(0x0000001c79d00000,0x0000001c79e00000)]
  0x0000014e21419800 JavaThread "block-manager-slave-async-thread-pool-88" daemon [_thread_blocked, id=19040, stack(0x0000001c79c00000,0x0000001c79d00000)]
  0x0000014e21412000 JavaThread "block-manager-slave-async-thread-pool-87" daemon [_thread_blocked, id=25508, stack(0x0000001c79b00000,0x0000001c79c00000)]
  0x0000014e21417800 JavaThread "block-manager-slave-async-thread-pool-86" daemon [_thread_blocked, id=10840, stack(0x0000001c79a00000,0x0000001c79b00000)]
  0x0000014e21419000 JavaThread "block-manager-slave-async-thread-pool-85" daemon [_thread_blocked, id=20844, stack(0x0000001c79900000,0x0000001c79a00000)]
  0x0000014e21416800 JavaThread "block-manager-slave-async-thread-pool-84" daemon [_thread_blocked, id=15696, stack(0x0000001c79800000,0x0000001c79900000)]
  0x0000014e21411800 JavaThread "block-manager-slave-async-thread-pool-83" daemon [_thread_blocked, id=23636, stack(0x0000001c79700000,0x0000001c79800000)]
  0x0000014e21414800 JavaThread "block-manager-slave-async-thread-pool-82" daemon [_thread_blocked, id=19576, stack(0x0000001c79600000,0x0000001c79700000)]
  0x0000014e21416000 JavaThread "block-manager-slave-async-thread-pool-81" daemon [_thread_blocked, id=21980, stack(0x0000001c79500000,0x0000001c79600000)]
  0x0000014e21415000 JavaThread "block-manager-ask-thread-pool-47" daemon [_thread_blocked, id=10436, stack(0x0000001c79400000,0x0000001c79500000)]
  0x0000014e21413800 JavaThread "block-manager-ask-thread-pool-46" daemon [_thread_blocked, id=14180, stack(0x0000001c79300000,0x0000001c79400000)]
  0x0000014e21418000 JavaThread "block-manager-slave-async-thread-pool-80" daemon [_thread_blocked, id=19640, stack(0x0000001c79200000,0x0000001c79300000)]
  0x0000014e27236800 JavaThread "block-manager-slave-async-thread-pool-79" daemon [_thread_blocked, id=16628, stack(0x0000001c79100000,0x0000001c79200000)]
  0x0000014e27236000 JavaThread "block-manager-slave-async-thread-pool-78" daemon [_thread_blocked, id=25512, stack(0x0000001c79000000,0x0000001c79100000)]
  0x0000014e27235000 JavaThread "block-manager-ask-thread-pool-45" daemon [_thread_blocked, id=23252, stack(0x0000001c78f00000,0x0000001c79000000)]
  0x0000014e27234000 JavaThread "block-manager-ask-thread-pool-44" daemon [_thread_blocked, id=13952, stack(0x0000001c78e00000,0x0000001c78f00000)]
  0x0000014e27237800 JavaThread "block-manager-slave-async-thread-pool-77" daemon [_thread_blocked, id=21612, stack(0x0000001c78d00000,0x0000001c78e00000)]
  0x0000014e27233800 JavaThread "block-manager-slave-async-thread-pool-76" daemon [_thread_blocked, id=20184, stack(0x0000001c78c00000,0x0000001c78d00000)]
  0x0000014e2722c000 JavaThread "block-manager-slave-async-thread-pool-75" daemon [_thread_blocked, id=14920, stack(0x0000001c78b00000,0x0000001c78c00000)]
  0x0000014e27232800 JavaThread "block-manager-ask-thread-pool-43" daemon [_thread_blocked, id=11724, stack(0x0000001c78a00000,0x0000001c78b00000)]
  0x0000014e27232000 JavaThread "block-manager-ask-thread-pool-42" daemon [_thread_blocked, id=25092, stack(0x0000001c78900000,0x0000001c78a00000)]
  0x0000014e27231000 JavaThread "block-manager-ask-thread-pool-41" daemon [_thread_blocked, id=17984, stack(0x0000001c78800000,0x0000001c78900000)]
  0x0000014e27230800 JavaThread "block-manager-slave-async-thread-pool-74" daemon [_thread_blocked, id=18864, stack(0x0000001c78700000,0x0000001c78800000)]
  0x0000014e2722c800 JavaThread "block-manager-slave-async-thread-pool-73" daemon [_thread_blocked, id=23328, stack(0x0000001c78600000,0x0000001c78700000)]
  0x0000014e27229000 JavaThread "block-manager-slave-async-thread-pool-72" daemon [_thread_blocked, id=8068, stack(0x0000001c78500000,0x0000001c78600000)]
  0x0000014e2722f000 JavaThread "block-manager-slave-async-thread-pool-71" daemon [_thread_blocked, id=17056, stack(0x0000001c78400000,0x0000001c78500000)]
  0x0000014e2722b000 JavaThread "block-manager-slave-async-thread-pool-70" daemon [_thread_blocked, id=21768, stack(0x0000001c78300000,0x0000001c78400000)]
  0x0000014e2722f800 JavaThread "block-manager-slave-async-thread-pool-69" daemon [_thread_blocked, id=14780, stack(0x0000001c78200000,0x0000001c78300000)]
  0x0000014e2722e000 JavaThread "block-manager-ask-thread-pool-40" daemon [_thread_blocked, id=13848, stack(0x0000001c78100000,0x0000001c78200000)]
  0x0000014e2722a800 JavaThread "block-manager-ask-thread-pool-39" daemon [_thread_blocked, id=9136, stack(0x0000001c78000000,0x0000001c78100000)]
  0x0000014e2722d800 JavaThread "block-manager-ask-thread-pool-38" daemon [_thread_blocked, id=16220, stack(0x0000001c77f00000,0x0000001c78000000)]
  0x0000014e27228000 JavaThread "block-manager-ask-thread-pool-37" daemon [_thread_blocked, id=22776, stack(0x0000001c77e00000,0x0000001c77f00000)]
  0x0000014e27229800 JavaThread "block-manager-slave-async-thread-pool-68" daemon [_thread_blocked, id=20920, stack(0x0000001c77d00000,0x0000001c77e00000)]
  0x0000014e218f3800 JavaThread "block-manager-slave-async-thread-pool-67" daemon [_thread_blocked, id=7888, stack(0x0000001c77c00000,0x0000001c77d00000)]
  0x0000014e218f3000 JavaThread "block-manager-slave-async-thread-pool-66" daemon [_thread_blocked, id=22276, stack(0x0000001c77b00000,0x0000001c77c00000)]
  0x0000014e218f2000 JavaThread "block-manager-slave-async-thread-pool-65" daemon [_thread_blocked, id=24996, stack(0x0000001c77a00000,0x0000001c77b00000)]
  0x0000014e218ea800 JavaThread "block-manager-slave-async-thread-pool-64" daemon [_thread_blocked, id=3156, stack(0x0000001c77900000,0x0000001c77a00000)]
  0x0000014e218f1800 JavaThread "block-manager-slave-async-thread-pool-63" daemon [_thread_blocked, id=16344, stack(0x0000001c77800000,0x0000001c77900000)]
  0x0000014e218f0800 JavaThread "block-manager-slave-async-thread-pool-62" daemon [_thread_blocked, id=11196, stack(0x0000001c77700000,0x0000001c77800000)]
  0x0000014e218e9000 JavaThread "block-manager-slave-async-thread-pool-61" daemon [_thread_blocked, id=21020, stack(0x0000001c77600000,0x0000001c77700000)]
  0x0000014e218ed800 JavaThread "block-manager-slave-async-thread-pool-60" daemon [_thread_blocked, id=10608, stack(0x0000001c77500000,0x0000001c77600000)]
  0x0000014e218ea000 JavaThread "block-manager-ask-thread-pool-36" daemon [_thread_blocked, id=12396, stack(0x0000001c77400000,0x0000001c77500000)]
  0x0000014e218eb800 JavaThread "block-manager-ask-thread-pool-35" daemon [_thread_blocked, id=16168, stack(0x0000001c77300000,0x0000001c77400000)]
  0x0000014e218ed000 JavaThread "block-manager-slave-async-thread-pool-59" daemon [_thread_blocked, id=21968, stack(0x0000001c77200000,0x0000001c77300000)]
  0x0000014e218ee800 JavaThread "block-manager-slave-async-thread-pool-58" daemon [_thread_blocked, id=11732, stack(0x0000001c77100000,0x0000001c77200000)]
  0x0000014e218ec000 JavaThread "block-manager-slave-async-thread-pool-57" daemon [_thread_blocked, id=24908, stack(0x0000001c77000000,0x0000001c77100000)]
  0x0000014e218ef000 JavaThread "block-manager-ask-thread-pool-34" daemon [_thread_blocked, id=23632, stack(0x0000001c76f00000,0x0000001c77000000)]
  0x0000014e218f0000 JavaThread "block-manager-ask-thread-pool-33" daemon [_thread_blocked, id=16372, stack(0x0000001c76e00000,0x0000001c76f00000)]
  0x0000014e218e5800 JavaThread "block-manager-slave-async-thread-pool-56" daemon [_thread_blocked, id=19284, stack(0x0000001c76d00000,0x0000001c76e00000)]
  0x0000014e218e4800 JavaThread "block-manager-slave-async-thread-pool-55" daemon [_thread_blocked, id=18248, stack(0x0000001c76c00000,0x0000001c76d00000)]
  0x0000014e218e7800 JavaThread "block-manager-slave-async-thread-pool-54" daemon [_thread_blocked, id=24616, stack(0x0000001c76b00000,0x0000001c76c00000)]
  0x0000014e218e8800 JavaThread "block-manager-ask-thread-pool-32" daemon [_thread_blocked, id=17996, stack(0x0000001c76a00000,0x0000001c76b00000)]
  0x0000014e218e6000 JavaThread "block-manager-ask-thread-pool-31" daemon [_thread_blocked, id=12556, stack(0x0000001c76900000,0x0000001c76a00000)]
  0x0000014e218e7000 JavaThread "block-manager-slave-async-thread-pool-53" daemon [_thread_blocked, id=16972, stack(0x0000001c76800000,0x0000001c76900000)]
  0x0000014e25630800 JavaThread "block-manager-slave-async-thread-pool-52" daemon [_thread_blocked, id=9224, stack(0x0000001c76700000,0x0000001c76800000)]
  0x0000014e2562e000 JavaThread "block-manager-slave-async-thread-pool-51" daemon [_thread_blocked, id=24412, stack(0x0000001c76600000,0x0000001c76700000)]
  0x0000014e2562f800 JavaThread "block-manager-ask-thread-pool-30" daemon [_thread_blocked, id=12656, stack(0x0000001c76500000,0x0000001c76600000)]
  0x0000014e2562f000 JavaThread "block-manager-ask-thread-pool-29" daemon [_thread_blocked, id=21144, stack(0x0000001c76400000,0x0000001c76500000)]
  0x0000014e25631000 JavaThread "block-manager-slave-async-thread-pool-50" daemon [_thread_blocked, id=14772, stack(0x0000001c76300000,0x0000001c76400000)]
  0x0000014e25632000 JavaThread "block-manager-slave-async-thread-pool-49" daemon [_thread_blocked, id=25332, stack(0x0000001c76200000,0x0000001c76300000)]
  0x0000014e2562d800 JavaThread "block-manager-slave-async-thread-pool-48" daemon [_thread_blocked, id=17560, stack(0x0000001c76100000,0x0000001c76200000)]
  0x0000014e25632800 JavaThread "block-manager-ask-thread-pool-28" daemon [_thread_blocked, id=18972, stack(0x0000001c76000000,0x0000001c76100000)]
  0x0000014e2562c800 JavaThread "block-manager-ask-thread-pool-27" daemon [_thread_blocked, id=24020, stack(0x0000001c75f00000,0x0000001c76000000)]
  0x0000014e25625000 JavaThread "block-manager-slave-async-thread-pool-47" daemon [_thread_blocked, id=23012, stack(0x0000001c75e00000,0x0000001c75f00000)]
  0x0000014e2562c000 JavaThread "block-manager-slave-async-thread-pool-46" daemon [_thread_blocked, id=24976, stack(0x0000001c75d00000,0x0000001c75e00000)]
  0x0000014e25626800 JavaThread "block-manager-ask-thread-pool-26" daemon [_thread_blocked, id=16872, stack(0x0000001c75c00000,0x0000001c75d00000)]
  0x0000014e2562b000 JavaThread "block-manager-slave-async-thread-pool-45" daemon [_thread_blocked, id=22028, stack(0x0000001c75b00000,0x0000001c75c00000)]
  0x0000014e25629800 JavaThread "block-manager-slave-async-thread-pool-44" daemon [_thread_blocked, id=19184, stack(0x0000001c75a00000,0x0000001c75b00000)]
  0x0000014e25628000 JavaThread "block-manager-slave-async-thread-pool-43" daemon [_thread_blocked, id=19496, stack(0x0000001c75900000,0x0000001c75a00000)]
  0x0000014e25627800 JavaThread "block-manager-slave-async-thread-pool-42" daemon [_thread_blocked, id=25196, stack(0x0000001c75800000,0x0000001c75900000)]
  0x0000014e25624800 JavaThread "block-manager-ask-thread-pool-25" daemon [_thread_blocked, id=23384, stack(0x0000001c75700000,0x0000001c75800000)]
  0x0000014e25629000 JavaThread "block-manager-ask-thread-pool-24" daemon [_thread_blocked, id=7244, stack(0x0000001c75600000,0x0000001c75700000)]
  0x0000014e25626000 JavaThread "block-manager-slave-async-thread-pool-41" daemon [_thread_blocked, id=7192, stack(0x0000001c75500000,0x0000001c75600000)]
  0x0000014e2562a800 JavaThread "block-manager-slave-async-thread-pool-40" daemon [_thread_blocked, id=21680, stack(0x0000001c75400000,0x0000001c75500000)]
  0x0000014e27407800 JavaThread "block-manager-ask-thread-pool-23" daemon [_thread_blocked, id=21448, stack(0x0000001c75300000,0x0000001c75400000)]
  0x0000014e27406800 JavaThread "block-manager-slave-async-thread-pool-39" daemon [_thread_blocked, id=14332, stack(0x0000001c75200000,0x0000001c75300000)]
  0x0000014e2740a800 JavaThread "block-manager-slave-async-thread-pool-38" daemon [_thread_blocked, id=12420, stack(0x0000001c75100000,0x0000001c75200000)]
  0x0000014e27406000 JavaThread "block-manager-slave-async-thread-pool-37" daemon [_thread_blocked, id=18244, stack(0x0000001c75000000,0x0000001c75100000)]
  0x0000014e27403800 JavaThread "block-manager-slave-async-thread-pool-36" daemon [_thread_blocked, id=22168, stack(0x0000001c74f00000,0x0000001c75000000)]
  0x0000014e27409800 JavaThread "block-manager-ask-thread-pool-22" daemon [_thread_blocked, id=24016, stack(0x0000001c74e00000,0x0000001c74f00000)]
  0x0000014e27409000 JavaThread "block-manager-ask-thread-pool-21" daemon [_thread_blocked, id=23960, stack(0x0000001c74d00000,0x0000001c74e00000)]
  0x0000014e27405000 JavaThread "block-manager-slave-async-thread-pool-35" daemon [_thread_blocked, id=7960, stack(0x0000001c74c00000,0x0000001c74d00000)]
  0x0000014e27408000 JavaThread "block-manager-slave-async-thread-pool-34" daemon [_thread_blocked, id=23204, stack(0x0000001c74b00000,0x0000001c74c00000)]
  0x0000014e27403000 JavaThread "block-manager-slave-async-thread-pool-33" daemon [_thread_blocked, id=22024, stack(0x0000001c74a00000,0x0000001c74b00000)]
  0x0000014e27404800 JavaThread "block-manager-ask-thread-pool-20" daemon [_thread_blocked, id=24220, stack(0x0000001c74900000,0x0000001c74a00000)]
  0x0000014e273fb800 JavaThread "block-manager-ask-thread-pool-19" daemon [_thread_blocked, id=21528, stack(0x0000001c74800000,0x0000001c74900000)]
  0x0000014e27402000 JavaThread "block-manager-slave-async-thread-pool-32" daemon [_thread_blocked, id=23876, stack(0x0000001c74700000,0x0000001c74800000)]
  0x0000014e27401800 JavaThread "block-manager-slave-async-thread-pool-31" daemon [_thread_blocked, id=23144, stack(0x0000001c74600000,0x0000001c74700000)]
  0x0000014e27400800 JavaThread "block-manager-slave-async-thread-pool-30" daemon [_thread_blocked, id=21780, stack(0x0000001c74500000,0x0000001c74600000)]
  0x0000014e273fc000 JavaThread "block-manager-ask-thread-pool-18" daemon [_thread_blocked, id=10520, stack(0x0000001c74400000,0x0000001c74500000)]
  0x0000014e27400000 JavaThread "block-manager-ask-thread-pool-17" daemon [_thread_blocked, id=22236, stack(0x0000001c74300000,0x0000001c74400000)]
  0x0000014e273fe800 JavaThread "block-manager-slave-async-thread-pool-29" daemon [_thread_blocked, id=18276, stack(0x0000001c74200000,0x0000001c74300000)]
  0x0000014e273ff000 JavaThread "block-manager-slave-async-thread-pool-28" daemon [_thread_blocked, id=18496, stack(0x0000001c74100000,0x0000001c74200000)]
  0x0000014e273fd800 JavaThread "block-manager-slave-async-thread-pool-27" daemon [_thread_blocked, id=17352, stack(0x0000001c74000000,0x0000001c74100000)]
  0x0000014e273fd000 JavaThread "block-manager-ask-thread-pool-16" daemon [_thread_blocked, id=14060, stack(0x0000001c73f00000,0x0000001c74000000)]
  0x0000014e22db7800 JavaThread "block-manager-ask-thread-pool-15" daemon [_thread_blocked, id=17420, stack(0x0000001c73e00000,0x0000001c73f00000)]
  0x0000014e22db4800 JavaThread "block-manager-slave-async-thread-pool-26" daemon [_thread_blocked, id=15872, stack(0x0000001c73d00000,0x0000001c73e00000)]
  0x0000014e22db8800 JavaThread "block-manager-slave-async-thread-pool-25" daemon [_thread_blocked, id=20652, stack(0x0000001c73c00000,0x0000001c73d00000)]
  0x0000014e22db7000 JavaThread "block-manager-slave-async-thread-pool-24" daemon [_thread_blocked, id=16712, stack(0x0000001c73b00000,0x0000001c73c00000)]
  0x0000014e22db9000 JavaThread "block-manager-ask-thread-pool-14" daemon [_thread_blocked, id=23656, stack(0x0000001c73a00000,0x0000001c73b00000)]
  0x0000014e22db3000 JavaThread "block-manager-ask-thread-pool-13" daemon [_thread_blocked, id=22088, stack(0x0000001c73900000,0x0000001c73a00000)]
  0x0000014e22db4000 JavaThread "block-manager-slave-async-thread-pool-23" daemon [_thread_blocked, id=15352, stack(0x0000001c73800000,0x0000001c73900000)]
  0x0000014e22db2800 JavaThread "block-manager-slave-async-thread-pool-22" daemon [_thread_blocked, id=14996, stack(0x0000001c73700000,0x0000001c73800000)]
  0x0000014e22db5800 JavaThread "block-manager-ask-thread-pool-12" daemon [_thread_blocked, id=24828, stack(0x0000001c73600000,0x0000001c73700000)]
  0x0000014e22db6000 JavaThread "block-manager-slave-async-thread-pool-21" daemon [_thread_blocked, id=14536, stack(0x0000001c73500000,0x0000001c73600000)]
  0x0000014e22dab800 JavaThread "block-manager-slave-async-thread-pool-20" daemon [_thread_blocked, id=17964, stack(0x0000001c73400000,0x0000001c73500000)]
  0x0000014e22db1800 JavaThread "block-manager-slave-async-thread-pool-19" daemon [_thread_blocked, id=22588, stack(0x0000001c73300000,0x0000001c73400000)]
  0x0000014e22dad000 JavaThread "block-manager-slave-async-thread-pool-18" daemon [_thread_blocked, id=13636, stack(0x0000001c73200000,0x0000001c73300000)]
  0x0000014e22daa000 JavaThread "block-manager-ask-thread-pool-11" daemon [_thread_blocked, id=19352, stack(0x0000001c73100000,0x0000001c73200000)]
  0x0000014e22db0000 JavaThread "block-manager-ask-thread-pool-10" daemon [_thread_blocked, id=13068, stack(0x0000001c73000000,0x0000001c73100000)]
  0x0000014e22db1000 JavaThread "block-manager-slave-async-thread-pool-17" daemon [_thread_blocked, id=24768, stack(0x0000001c72f00000,0x0000001c73000000)]
  0x0000014e22daf800 JavaThread "block-manager-slave-async-thread-pool-16" daemon [_thread_blocked, id=19272, stack(0x0000001c72e00000,0x0000001c72f00000)]
  0x0000014e22dae800 JavaThread "block-manager-slave-async-thread-pool-15" daemon [_thread_blocked, id=20172, stack(0x0000001c72d00000,0x0000001c72e00000)]
  0x0000014e22dac800 JavaThread "block-manager-ask-thread-pool-9" daemon [_thread_blocked, id=14912, stack(0x0000001c72c00000,0x0000001c72d00000)]
  0x0000014e22dab000 JavaThread "block-manager-ask-thread-pool-8" daemon [_thread_blocked, id=6360, stack(0x0000001c72b00000,0x0000001c72c00000)]
  0x0000014e22dae000 JavaThread "block-manager-ask-thread-pool-7" daemon [_thread_blocked, id=15280, stack(0x0000001c72a00000,0x0000001c72b00000)]
  0x0000014e255ca800 JavaThread "block-manager-ask-thread-pool-6" daemon [_thread_blocked, id=23372, stack(0x0000001c72900000,0x0000001c72a00000)]
  0x0000014e255ce000 JavaThread "block-manager-slave-async-thread-pool-14" daemon [_thread_blocked, id=10372, stack(0x0000001c72800000,0x0000001c72900000)]
  0x0000014e255c9800 JavaThread "block-manager-slave-async-thread-pool-13" daemon [_thread_blocked, id=17528, stack(0x0000001c72700000,0x0000001c72800000)]
  0x0000014e255cd800 JavaThread "block-manager-slave-async-thread-pool-12" daemon [_thread_blocked, id=24696, stack(0x0000001c72600000,0x0000001c72700000)]
  0x0000014e255d0800 JavaThread "block-manager-slave-async-thread-pool-11" daemon [_thread_blocked, id=12332, stack(0x0000001c72500000,0x0000001c72600000)]
  0x0000014e255cb000 JavaThread "block-manager-ask-thread-pool-5" daemon [_thread_blocked, id=20076, stack(0x0000001c72400000,0x0000001c72500000)]
  0x0000014e255cf800 JavaThread "block-manager-ask-thread-pool-4" daemon [_thread_blocked, id=14480, stack(0x0000001c72300000,0x0000001c72400000)]
  0x0000014e255cf000 JavaThread "block-manager-slave-async-thread-pool-10" daemon [_thread_blocked, id=2888, stack(0x0000001c72200000,0x0000001c72300000)]
  0x0000014e255cc000 JavaThread "block-manager-slave-async-thread-pool-9" daemon [_thread_blocked, id=2152, stack(0x0000001c72100000,0x0000001c72200000)]
  0x0000014e255cc800 JavaThread "block-manager-slave-async-thread-pool-8" daemon [_thread_blocked, id=24144, stack(0x0000001c72000000,0x0000001c72100000)]
  0x0000014e255c2800 JavaThread "block-manager-slave-async-thread-pool-7" daemon [_thread_blocked, id=21956, stack(0x0000001c71f00000,0x0000001c72000000)]
  0x0000014e255c3800 JavaThread "block-manager-slave-async-thread-pool-6" daemon [_thread_blocked, id=15936, stack(0x0000001c71e00000,0x0000001c71f00000)]
  0x0000014e255c9000 JavaThread "task-result-getter-3" daemon [_thread_blocked, id=11596, stack(0x0000001c71d00000,0x0000001c71e00000)]
  0x0000014e255c7800 JavaThread "block-manager-ask-thread-pool-3" daemon [_thread_blocked, id=15796, stack(0x0000001c71c00000,0x0000001c71d00000)]
  0x0000014e255c6000 JavaThread "block-manager-ask-thread-pool-2" daemon [_thread_blocked, id=23796, stack(0x0000001c71b00000,0x0000001c71c00000)]
  0x0000014e255c1000 JavaThread "block-manager-slave-async-thread-pool-5" daemon [_thread_blocked, id=9824, stack(0x0000001c71a00000,0x0000001c71b00000)]
  0x0000014e255c6800 JavaThread "block-manager-slave-async-thread-pool-4" daemon [_thread_blocked, id=1580, stack(0x0000001c71900000,0x0000001c71a00000)]
  0x0000014e255c4000 JavaThread "block-manager-slave-async-thread-pool-3" daemon [_thread_blocked, id=11600, stack(0x0000001c71800000,0x0000001c71900000)]
  0x0000014e255c2000 JavaThread "task-result-getter-2" daemon [_thread_blocked, id=12012, stack(0x0000001c71700000,0x0000001c71800000)]
  0x0000014e255c5000 JavaThread "task-result-getter-1" daemon [_thread_blocked, id=11760, stack(0x0000001c71600000,0x0000001c71700000)]
  0x0000014e2299b800 JavaThread "block-manager-ask-thread-pool-1" daemon [_thread_blocked, id=19360, stack(0x0000001c71500000,0x0000001c71600000)]
  0x0000014e2299b000 JavaThread "block-manager-ask-thread-pool-0" daemon [_thread_blocked, id=21388, stack(0x0000001c71400000,0x0000001c71500000)]
  0x0000014e2299c800 JavaThread "block-manager-slave-async-thread-pool-2" daemon [_thread_blocked, id=21692, stack(0x0000001c71300000,0x0000001c71400000)]
  0x0000014e2299a000 JavaThread "block-manager-slave-async-thread-pool-1" daemon [_thread_blocked, id=17340, stack(0x0000001c71200000,0x0000001c71300000)]
  0x0000014e22999800 JavaThread "block-manager-slave-async-thread-pool-0" daemon [_thread_blocked, id=25112, stack(0x0000001c71100000,0x0000001c71200000)]
  0x0000014e22992000 JavaThread "task-result-getter-0" daemon [_thread_blocked, id=19104, stack(0x0000001c71000000,0x0000001c71100000)]
  0x0000014e22998800 JavaThread "Executor task launch worker for task 844" daemon [_thread_blocked, id=10428, stack(0x0000001c70f00000,0x0000001c71000000)]
  0x0000014e22991000 JavaThread "element-tracking-store-worker" daemon [_thread_blocked, id=18512, stack(0x0000001c70e00000,0x0000001c70f00000)]
  0x0000014e22998000 JavaThread "spark-listener-group-executorManagement" daemon [_thread_blocked, id=24036, stack(0x0000001c70d00000,0x0000001c70e00000)]
  0x0000014e22990800 JavaThread "spark-listener-group-appStatus" daemon [_thread_blocked, id=16368, stack(0x0000001c70c00000,0x0000001c70d00000)]
  0x0000014e22997000 JavaThread "context-cleaner-periodic-gc" daemon [_thread_blocked, id=25200, stack(0x0000001c70b00000,0x0000001c70c00000)]
  0x0000014e2298f800 JavaThread "Spark Context Cleaner" daemon [_thread_blocked, id=7040, stack(0x0000001c70a00000,0x0000001c70b00000)]
  0x0000014e22995800 JavaThread "shuffle-boss-6-1" daemon [_thread_in_native, id=23752, stack(0x0000001c70900000,0x0000001c70a00000)]
  0x0000014e22996800 JavaThread "executor-heartbeater" daemon [_thread_blocked, id=13704, stack(0x0000001c70800000,0x0000001c70900000)]
  0x0000014e2298e000 JavaThread "driver-heartbeater" daemon [_thread_blocked, id=9812, stack(0x0000001c70700000,0x0000001c70800000)]
  0x0000014e22995000 JavaThread "dag-scheduler-event-loop" daemon [_thread_in_Java, id=12216, stack(0x0000001c70600000,0x0000001c70700000)]
  0x0000014e2298d800 JavaThread "Timer-1" daemon [_thread_blocked, id=19568, stack(0x0000001c70500000,0x0000001c70600000)]
  0x0000014e22994000 JavaThread "Timer-0" daemon [_thread_blocked, id=18396, stack(0x0000001c70400000,0x0000001c70500000)]
  0x0000014e22992800 JavaThread "netty-rpc-env-timeout" daemon [_thread_blocked, id=16592, stack(0x0000001c70300000,0x0000001c70400000)]
  0x0000014e2298f000 JavaThread "heartbeat-receiver-event-loop-thread" daemon [_thread_blocked, id=24984, stack(0x0000001c70200000,0x0000001c70300000)]
  0x0000014e22993800 JavaThread "SparkUI-34" daemon [_thread_blocked, id=13048, stack(0x0000001c70100000,0x0000001c70200000)]
  0x0000014e20d23000 JavaThread "SparkUI-33" daemon [_thread_blocked, id=24172, stack(0x0000001c70000000,0x0000001c70100000)]
  0x0000014e20d22000 JavaThread "SparkUI-32" daemon [_thread_blocked, id=12120, stack(0x0000001c6ff00000,0x0000001c70000000)]
  0x0000014e20d1e800 JavaThread "SparkUI-31" daemon [_thread_blocked, id=19448, stack(0x0000001c6fe00000,0x0000001c6ff00000)]
  0x0000014e20d20000 JavaThread "SparkUI-30-acceptor-0@1b9a5e14-ServerConnector@155da317{HTTP/1.1, (http/1.1)}{0.0.0.0:4040}" daemon [_thread_in_native, id=4128, stack(0x0000001c6fd00000,0x0000001c6fe00000)]
  0x0000014e20d25000 JavaThread "SparkUI-29" daemon [_thread_blocked, id=7216, stack(0x0000001c6fc00000,0x0000001c6fd00000)]
  0x0000014e20d24800 JavaThread "SparkUI-28" daemon [_thread_in_native, id=22288, stack(0x0000001c6fb00000,0x0000001c6fc00000)]
  0x0000014e20d23800 JavaThread "SparkUI-27" daemon [_thread_in_native, id=16832, stack(0x0000001c6fa00000,0x0000001c6fb00000)]
  0x0000014e20d20800 JavaThread "RemoteBlock-temp-file-clean-thread" daemon [_thread_blocked, id=24356, stack(0x0000001c6f900000,0x0000001c6fa00000)]
  0x0000014e20d1f000 JavaThread "dispatcher-BlockManagerEndpoint1" daemon [_thread_blocked, id=25224, stack(0x0000001c6f800000,0x0000001c6f900000)]
  0x0000014e20d21800 JavaThread "dispatcher-BlockManagerMaster" daemon [_thread_blocked, id=10684, stack(0x0000001c6f700000,0x0000001c6f800000)]
  0x0000014e227b8800 JavaThread "map-output-dispatcher-7" daemon [_thread_blocked, id=1324, stack(0x0000001c6f600000,0x0000001c6f700000)]
  0x0000014e202f5800 JavaThread "map-output-dispatcher-6" daemon [_thread_blocked, id=13608, stack(0x0000001c6f500000,0x0000001c6f600000)]
  0x0000014e202f5000 JavaThread "map-output-dispatcher-5" daemon [_thread_blocked, id=20940, stack(0x0000001c6f400000,0x0000001c6f500000)]
  0x0000014e202f1800 JavaThread "map-output-dispatcher-4" daemon [_thread_blocked, id=15852, stack(0x0000001c6f300000,0x0000001c6f400000)]
  0x0000014e202ef000 JavaThread "map-output-dispatcher-3" daemon [_thread_blocked, id=21160, stack(0x0000001c6f200000,0x0000001c6f300000)]
  0x0000014e227ce000 JavaThread "map-output-dispatcher-2" daemon [_thread_blocked, id=20788, stack(0x0000001c6f100000,0x0000001c6f200000)]
  0x0000014e227cd800 JavaThread "map-output-dispatcher-1" daemon [_thread_blocked, id=24304, stack(0x0000001c6f000000,0x0000001c6f100000)]
  0x0000014e227cc800 JavaThread "map-output-dispatcher-0" daemon [_thread_blocked, id=20644, stack(0x0000001c6ef00000,0x0000001c6f000000)]
  0x0000014e20ad5800 JavaThread "dispatcher-event-loop-1" daemon [_thread_blocked, id=19888, stack(0x0000001c6ee00000,0x0000001c6ef00000)]
  0x0000014e20ad5000 JavaThread "dispatcher-event-loop-0" daemon [_thread_blocked, id=23492, stack(0x0000001c6ed00000,0x0000001c6ee00000)]
  0x0000014e205b8000 JavaThread "rpc-boss-3-1" daemon [_thread_in_native, id=18744, stack(0x0000001c6ec00000,0x0000001c6ed00000)]
  0x0000014e1f2c8800 JavaThread "Service Thread" daemon [_thread_blocked, id=14220, stack(0x0000001c6e900000,0x0000001c6ea00000)]
  0x0000014e1f2a2000 JavaThread "C1 CompilerThread2" daemon [_thread_blocked, id=3748, stack(0x0000001c6e800000,0x0000001c6e900000)]
=>0x0000014e1f296000 JavaThread "C2 CompilerThread1" daemon [_thread_in_native, id=5884, stack(0x0000001c6e700000,0x0000001c6e800000)]
  0x0000014e1f23e000 JavaThread "C2 CompilerThread0" daemon [_thread_in_native, id=20376, stack(0x0000001c6e600000,0x0000001c6e700000)]
  0x0000014e1f1f0000 JavaThread "Attach Listener" daemon [_thread_blocked, id=6416, stack(0x0000001c6e500000,0x0000001c6e600000)]
  0x0000014e1f1ef800 JavaThread "Signal Dispatcher" daemon [_thread_blocked, id=21548, stack(0x0000001c6e400000,0x0000001c6e500000)]
  0x0000014e1eedc000 JavaThread "Finalizer" daemon [_thread_blocked, id=23940, stack(0x0000001c6e300000,0x0000001c6e400000)]
  0x0000014e1eed5000 JavaThread "Reference Handler" daemon [_thread_blocked, id=1600, stack(0x0000001c6e200000,0x0000001c6e300000)]
  0x0000014e04372800 JavaThread "main" [_thread_in_vm, id=2440, stack(0x0000001c6dc00000,0x0000001c6dd00000)]

Other Threads:
  0x0000014e1f1a1800 VMThread [stack: 0x0000001c6e100000,0x0000001c6e200000] [id=19992]
  0x0000014e201e5000 WatcherThread [stack: 0x0000001c6ea00000,0x0000001c6eb00000] [id=13732]

VM state:not at safepoint (normal execution)

VM Mutex/Monitor currently owned by a thread: None

heap address: 0x00000006c2200000, size: 4062 MB, Compressed Oops mode: Zero based, Oop shift amount: 3
Narrow klass base: 0x0000000000000000, Narrow klass shift: 3
Compressed class space size: 1073741824 Address: 0x00000007c0000000

Heap:
 PSYoungGen      total 302080K, used 245905K [0x000000076b600000, 0x000000077e680000, 0x00000007c0000000)
  eden space 292352K, 81% used [0x000000076b600000,0x0000000779e83308,0x000000077d380000)
  from space 9728K, 80% used [0x000000077d380000,0x000000077db21260,0x000000077dd00000)
  to   space 9728K, 0% used [0x000000077dd00000,0x000000077dd00000,0x000000077e680000)
 ParOldGen       total 246272K, used 66619K [0x00000006c2200000, 0x00000006d1280000, 0x000000076b600000)
  object space 246272K, 27% used [0x00000006c2200000,0x00000006c630ed70,0x00000006d1280000)
 Metaspace       used 63800K, capacity 72736K, committed 72960K, reserved 1112064K
  class space    used 8858K, capacity 9928K, committed 9984K, reserved 1048576K

Card table byte_map: [0x0000014e151c0000,0x0000014e159b0000] byte_map_base: 0x0000014e11baf000

Marking Bits: (ParMarkBitMap*) 0x0000000069fd8030
 Begin Bits: [0x0000014e15f00000, 0x0000014e19e78000)
 End Bits:   [0x0000014e19e78000, 0x0000014e1ddf0000)

Polling page: 0x0000014e04540000

CodeCache: size=245760Kb used=35214Kb max_used=35288Kb free=210545Kb
 bounds [0x0000014e05e00000, 0x0000014e08140000, 0x0000014e14e00000]
 total_blobs=12416 nmethods=11611 adapters=715
 compilation: enabled

Compilation events (10 events):
Event: 28.032 Thread 0x0000014e1f296000 14004       4       scala.collection.mutable.AbstractSet::toSeq (5 bytes)
Event: 28.041 Thread 0x0000014e1f296000 nmethod 14004 0x0000014e075f5890 code [0x0000014e075f5a00, 0x0000014e075f5fd8]
Event: 28.059 Thread 0x0000014e1f23e000 14005       4       com.esotericsoftware.kryo.io.Input::readVarInt (192 bytes)
Event: 28.061 Thread 0x0000014e1f296000 14006       4       sun.nio.ch.FileDispatcherImpl::size (5 bytes)
Event: 28.061 Thread 0x0000014e1f296000 nmethod 14006 0x0000014e06c2d350 code [0x0000014e06c2d4a0, 0x0000014e06c2d528]
Event: 28.063 Thread 0x0000014e1f23e000 nmethod 14005 0x0000014e06bf0490 code [0x0000014e06bf0620, 0x0000014e06bf0b28]
Event: 28.064 Thread 0x0000014e1f296000 14007       4       scala.collection.mutable.HashSet::initWithContents (6 bytes)
Event: 28.065 Thread 0x0000014e1f296000 nmethod 14007 0x0000014e06cc46d0 code [0x0000014e06cc4800, 0x0000014e06cc4878]
Event: 28.073 Thread 0x0000014e1f23e000 14008       4       org.apache.spark.rdd.RDDOperationScope::toJson (11 bytes)
Event: 28.073 Thread 0x0000014e1f296000 14009   !   4       com.fasterxml.jackson.databind.ObjectMapper::writeValueAsString (45 bytes)

GC Heap History (10 events):
Event: 26.732 GC heap before
{Heap before GC invocations=68 (full 3):
 PSYoungGen      total 302080K, used 296243K [0x000000076b600000, 0x000000077e680000, 0x00000007c0000000)
  eden space 292352K, 99% used [0x000000076b600000,0x000000077d0b5838,0x000000077d380000)
  from space 9728K, 69% used [0x000000077dd00000,0x000000077e397440,0x000000077e680000)
  to   space 9728K, 0% used [0x000000077d380000,0x000000077d380000,0x000000077dd00000)
 ParOldGen       total 246272K, used 65654K [0x00000006c2200000, 0x00000006d1280000, 0x000000076b600000)
  object space 246272K, 26% used [0x00000006c2200000,0x00000006c621db50,0x00000006d1280000)
 Metaspace       used 63764K, capacity 72732K, committed 72960K, reserved 1112064K
  class space    used 8856K, capacity 9926K, committed 9984K, reserved 1048576K
Event: 26.737 GC heap after
Heap after GC invocations=68 (full 3):
 PSYoungGen      total 302080K, used 5405K [0x000000076b600000, 0x000000077e680000, 0x00000007c0000000)
  eden space 292352K, 0% used [0x000000076b600000,0x000000076b600000,0x000000077d380000)
  from space 9728K, 55% used [0x000000077d380000,0x000000077d8c77a8,0x000000077dd00000)
  to   space 9728K, 0% used [0x000000077dd00000,0x000000077dd00000,0x000000077e680000)
 ParOldGen       total 246272K, used 65819K [0x00000006c2200000, 0x00000006d1280000, 0x000000076b600000)
  object space 246272K, 26% used [0x00000006c2200000,0x00000006c6246d70,0x00000006d1280000)
 Metaspace       used 63764K, capacity 72732K, committed 72960K, reserved 1112064K
  class space    used 8856K, capacity 9926K, committed 9984K, reserved 1048576K
}
Event: 27.048 GC heap before
{Heap before GC invocations=69 (full 3):
 PSYoungGen      total 302080K, used 297757K [0x000000076b600000, 0x000000077e680000, 0x00000007c0000000)
  eden space 292352K, 100% used [0x000000076b600000,0x000000077d380000,0x000000077d380000)
  from space 9728K, 55% used [0x000000077d380000,0x000000077d8c77a8,0x000000077dd00000)
  to   space 9728K, 0% used [0x000000077dd00000,0x000000077dd00000,0x000000077e680000)
 ParOldGen       total 246272K, used 65819K [0x00000006c2200000, 0x00000006d1280000, 0x000000076b600000)
  object space 246272K, 26% used [0x00000006c2200000,0x00000006c6246d70,0x00000006d1280000)
 Metaspace       used 63764K, capacity 72732K, committed 72960K, reserved 1112064K
  class space    used 8856K, capacity 9926K, committed 9984K, reserved 1048576K
Event: 27.053 GC heap after
Heap after GC invocations=69 (full 3):
 PSYoungGen      total 302080K, used 8480K [0x000000076b600000, 0x000000077e680000, 0x00000007c0000000)
  eden space 292352K, 0% used [0x000000076b600000,0x000000076b600000,0x000000077d380000)
  from space 9728K, 87% used [0x000000077dd00000,0x000000077e548358,0x000000077e680000)
  to   space 9728K, 0% used [0x000000077d380000,0x000000077d380000,0x000000077dd00000)
 ParOldGen       total 246272K, used 66051K [0x00000006c2200000, 0x00000006d1280000, 0x000000076b600000)
  object space 246272K, 26% used [0x00000006c2200000,0x00000006c6280d70,0x00000006d1280000)
 Metaspace       used 63764K, capacity 72732K, committed 72960K, reserved 1112064K
  class space    used 8856K, capacity 9926K, committed 9984K, reserved 1048576K
}
Event: 27.309 GC heap before
{Heap before GC invocations=70 (full 3):
 PSYoungGen      total 302080K, used 300832K [0x000000076b600000, 0x000000077e680000, 0x00000007c0000000)
  eden space 292352K, 100% used [0x000000076b600000,0x000000077d380000,0x000000077d380000)
  from space 9728K, 87% used [0x000000077dd00000,0x000000077e548358,0x000000077e680000)
  to   space 9728K, 0% used [0x000000077d380000,0x000000077d380000,0x000000077dd00000)
 ParOldGen       total 246272K, used 66051K [0x00000006c2200000, 0x00000006d1280000, 0x000000076b600000)
  object space 246272K, 26% used [0x00000006c2200000,0x00000006c6280d70,0x00000006d1280000)
 Metaspace       used 63771K, capacity 72732K, committed 72960K, reserved 1112064K
  class space    used 8856K, capacity 9926K, committed 9984K, reserved 1048576K
Event: 27.313 GC heap after
Heap after GC invocations=70 (full 3):
 PSYoungGen      total 302080K, used 6810K [0x000000076b600000, 0x000000077e680000, 0x00000007c0000000)
  eden space 292352K, 0% used [0x000000076b600000,0x000000076b600000,0x000000077d380000)
  from space 9728K, 70% used [0x000000077d380000,0x000000077da269f8,0x000000077dd00000)
  to   space 9728K, 0% used [0x000000077dd00000,0x000000077dd00000,0x000000077e680000)
 ParOldGen       total 246272K, used 66219K [0x00000006c2200000, 0x00000006d1280000, 0x000000076b600000)
  object space 246272K, 26% used [0x00000006c2200000,0x00000006c62aad70,0x00000006d1280000)
 Metaspace       used 63771K, capacity 72732K, committed 72960K, reserved 1112064K
  class space    used 8856K, capacity 9926K, committed 9984K, reserved 1048576K
}
Event: 27.669 GC heap before
{Heap before GC invocations=71 (full 3):
 PSYoungGen      total 302080K, used 297779K [0x000000076b600000, 0x000000077e680000, 0x00000007c0000000)
  eden space 292352K, 99% used [0x000000076b600000,0x000000077d226210,0x000000077d380000)
  from space 9728K, 70% used [0x000000077d380000,0x000000077da269f8,0x000000077dd00000)
  to   space 9728K, 0% used [0x000000077dd00000,0x000000077dd00000,0x000000077e680000)
 ParOldGen       total 246272K, used 66219K [0x00000006c2200000, 0x00000006d1280000, 0x000000076b600000)
  object space 246272K, 26% used [0x00000006c2200000,0x00000006c62aad70,0x00000006d1280000)
 Metaspace       used 63799K, capacity 72736K, committed 72960K, reserved 1112064K
  class space    used 8858K, capacity 9928K, committed 9984K, reserved 1048576K
Event: 27.674 GC heap after
Heap after GC invocations=71 (full 3):
 PSYoungGen      total 302080K, used 7972K [0x000000076b600000, 0x000000077e680000, 0x00000007c0000000)
  eden space 292352K, 0% used [0x000000076b600000,0x000000076b600000,0x000000077d380000)
  from space 9728K, 81% used [0x000000077dd00000,0x000000077e4c9218,0x000000077e680000)
  to   space 9728K, 0% used [0x000000077d380000,0x000000077d380000,0x000000077dd00000)
 ParOldGen       total 246272K, used 66347K [0x00000006c2200000, 0x00000006d1280000, 0x000000076b600000)
  object space 246272K, 26% used [0x00000006c2200000,0x00000006c62cad70,0x00000006d1280000)
 Metaspace       used 63799K, capacity 72736K, committed 72960K, reserved 1112064K
  class space    used 8858K, capacity 9928K, committed 9984K, reserved 1048576K
}
Event: 27.886 GC heap before
{Heap before GC invocations=72 (full 3):
 PSYoungGen      total 302080K, used 300324K [0x000000076b600000, 0x000000077e680000, 0x00000007c0000000)
  eden space 292352K, 100% used [0x000000076b600000,0x000000077d380000,0x000000077d380000)
  from space 9728K, 81% used [0x000000077dd00000,0x000000077e4c9218,0x000000077e680000)
  to   space 9728K, 0% used [0x000000077d380000,0x000000077d380000,0x000000077dd00000)
 ParOldGen       total 246272K, used 66347K [0x00000006c2200000, 0x00000006d1280000, 0x000000076b600000)
  object space 246272K, 26% used [0x00000006c2200000,0x00000006c62cad70,0x00000006d1280000)
 Metaspace       used 63800K, capacity 72736K, committed 72960K, reserved 1112064K
  class space    used 8858K, capacity 9928K, committed 9984K, reserved 1048576K
Event: 27.892 GC heap after
Heap after GC invocations=72 (full 3):
 PSYoungGen      total 302080K, used 7812K [0x000000076b600000, 0x000000077e680000, 0x00000007c0000000)
  eden space 292352K, 0% used [0x000000076b600000,0x000000076b600000,0x000000077d380000)
  from space 9728K, 80% used [0x000000077d380000,0x000000077db21260,0x000000077dd00000)
  to   space 9728K, 0% used [0x000000077dd00000,0x000000077dd00000,0x000000077e680000)
 ParOldGen       total 246272K, used 66619K [0x00000006c2200000, 0x00000006d1280000, 0x000000076b600000)
  object space 246272K, 27% used [0x00000006c2200000,0x00000006c630ed70,0x00000006d1280000)
 Metaspace       used 63800K, capacity 72736K, committed 72960K, reserved 1112064K
  class space    used 8858K, capacity 9928K, committed 9984K, reserved 1048576K
}

Deoptimization events (10 events):
Event: 26.205 Thread 0x0000014e22990800 Uncommon trap: reason=array_check action=maybe_recompile pc=0x0000014e06ac5f90 method=scala.collection.mutable.WrappedArray$ofRef.update(ILjava/lang/Object;)V @ 6
Event: 26.205 Thread 0x0000014e22990800 Uncommon trap: reason=array_check action=maybe_recompile pc=0x0000014e06ac5f90 method=scala.collection.mutable.WrappedArray$ofRef.update(ILjava/lang/Object;)V @ 6
Event: 26.205 Thread 0x0000014e22990800 Uncommon trap: reason=array_check action=maybe_recompile pc=0x0000014e06ac5f90 method=scala.collection.mutable.WrappedArray$ofRef.update(ILjava/lang/Object;)V @ 6
Event: 26.205 Thread 0x0000014e22990800 Uncommon trap: reason=array_check action=maybe_recompile pc=0x0000014e06ac5f90 method=scala.collection.mutable.WrappedArray$ofRef.update(ILjava/lang/Object;)V @ 6
Event: 26.721 Thread 0x0000014e22991000 Uncommon trap: reason=unstable_if action=reinterpret pc=0x0000014e070e7e54 method=org.apache.spark.util.kvstore.InMemoryStore$InstanceList$CountingRemoveIfForEach.accept(Ljava/lang/Comparable;Ljava/lang/Object;)V @ 10
Event: 27.118 Thread 0x0000014e2697e000 Uncommon trap: reason=unstable_if action=reinterpret pc=0x0000014e06371e90 method=java.util.concurrent.ConcurrentHashMap.get(Ljava/lang/Object;)Ljava/lang/Object; @ 76
Event: 27.694 Thread 0x0000014e2298e000 Uncommon trap: reason=array_check action=maybe_recompile pc=0x0000014e07da9c24 method=java.util.TimSort.reverseRange([Ljava/lang/Object;II)V @ 20
Event: 27.695 Thread 0x0000014e22990800 Uncommon trap: reason=class_check action=maybe_recompile pc=0x0000014e077fb764 method=scala.collection.convert.Wrappers$JCollectionWrapper.iterator()Lscala/collection/Iterator; @ 7
Event: 27.695 Thread 0x0000014e2298e000 Uncommon trap: reason=unstable_if action=reinterpret pc=0x0000014e07aa397c method=java.util.concurrent.locks.AbstractQueuedSynchronizer.transferForSignal(Ljava/util/concurrent/locks/AbstractQueuedSynchronizer$Node;)Z @ 7
Event: 27.695 Thread 0x0000014e2298e000 Uncommon trap: reason=class_check action=maybe_recompile pc=0x0000014e07ae99d0 method=java.util.concurrent.ThreadPoolExecutor.getTask()Ljava/lang/Runnable; @ 149

Classes redefined (0 events):
No events

Internal exceptions (10 events):
Event: 10.136 Thread 0x0000014e04372800 Exception <a 'java/lang/NoSuchMethodError': <clinit>> (0x000000077b0d38c0) thrown at [C:\jenkins\workspace\8-2-build-windows-amd64-cygwin\jdk8u311\1894\hotspot\src\share\vm\prims\jni.cpp, line 1615]
Event: 10.293 Thread 0x0000014e22995000 Exception <a 'java/lang/NoSuchMethodError': <clinit>> (0x000000076cc6c638) thrown at [C:\jenkins\workspace\8-2-build-windows-amd64-cygwin\jdk8u311\1894\hotspot\src\share\vm\prims\jni.cpp, line 1615]
Event: 10.295 Thread 0x0000014e22995000 Exception <a 'java/lang/NoSuchMethodError': <clinit>> (0x000000076cc99db0) thrown at [C:\jenkins\workspace\8-2-build-windows-amd64-cygwin\jdk8u311\1894\hotspot\src\share\vm\prims\jni.cpp, line 1615]
Event: 10.298 Thread 0x0000014e20ad5800 Exception <a 'java/lang/NoSuchMethodError': <clinit>> (0x000000076d2d0e98) thrown at [C:\jenkins\workspace\8-2-build-windows-amd64-cygwin\jdk8u311\1894\hotspot\src\share\vm\prims\jni.cpp, line 1615]
Event: 10.299 Thread 0x0000014e20ad5800 Exception <a 'java/lang/NoSuchMethodError': <clinit>> (0x000000076d6d92d8) thrown at [C:\jenkins\workspace\8-2-build-windows-amd64-cygwin\jdk8u311\1894\hotspot\src\share\vm\prims\jni.cpp, line 1615]
Event: 16.259 Thread 0x0000014e20d21800 Implicit null exception at 0x0000014e06cccd5e to 0x0000014e06cccdf7
Event: 17.701 Thread 0x0000014e2298e000 Exception <a 'java/io/IOException': CreateProcess error=2, > (0x000000077a83a498) thrown at [C:\jenkins\workspace\8-2-build-windows-amd64-cygwin\jdk8u311\1894\hotspot\src\share\vm\prims\jni.cpp, line 737]
Event: 17.703 Thread 0x0000014e2298e000 Exception <a 'sun/nio/fs/WindowsException'> (0x000000077a844a40) thrown at [C:\jenkins\workspace\8-2-build-windows-amd64-cygwin\jdk8u311\1894\hotspot\src\share\vm\prims\jni.cpp, line 710]
Event: 17.703 Thread 0x0000014e2298e000 Exception <a 'sun/nio/fs/WindowsException'> (0x000000077a844f68) thrown at [C:\jenkins\workspace\8-2-build-windows-amd64-cygwin\jdk8u311\1894\hotspot\src\share\vm\prims\jni.cpp, line 710]
Event: 18.733 Thread 0x0000014e20d21800 Implicit null exception at 0x0000014e07dc0b75 to 0x0000014e07dc14cd

Events (10 events):
Event: 27.695 Thread 0x0000014e22990800 DEOPT PACKING pc=0x0000014e077fb764 sp=0x0000001c70cfec70
Event: 27.695 Thread 0x0000014e22990800 DEOPT UNPACKING pc=0x0000014e05e458c3 sp=0x0000001c70cfec28 mode 2
Event: 27.695 Thread 0x0000014e2298e000 Uncommon trap: trap_request=0xffffff65 fr.pc=0x0000014e07aa397c
Event: 27.695 Thread 0x0000014e2298e000 DEOPT PACKING pc=0x0000014e07aa397c sp=0x0000001c707ff440
Event: 27.695 Thread 0x0000014e2298e000 DEOPT UNPACKING pc=0x0000014e05e458c3 sp=0x0000001c707ff388 mode 2
Event: 27.695 Thread 0x0000014e2298e000 Uncommon trap: trap_request=0xffffffde fr.pc=0x0000014e07ae99d0
Event: 27.695 Thread 0x0000014e2298e000 DEOPT PACKING pc=0x0000014e07ae99d0 sp=0x0000001c707ff5b0
Event: 27.695 Thread 0x0000014e2298e000 DEOPT UNPACKING pc=0x0000014e05e458c3 sp=0x0000001c707ff5b8 mode 2
Event: 27.885 Executing VM operation: ParallelGCFailedAllocation
Event: 27.892 Executing VM operation: ParallelGCFailedAllocation done


Dynamic libraries:
0x00007ff7747e0000 - 0x00007ff774827000 	C:\Program Files\Java\jre1.8.0_311\bin\javaw.exe
0x00007ff8a6030000 - 0x00007ff8a6225000 	C:\WINDOWS\SYSTEM32\ntdll.dll
0x00007ff8a4ab0000 - 0x00007ff8a4b6e000 	C:\WINDOWS\System32\KERNEL32.DLL
0x00007ff8a3880000 - 0x00007ff8a3b48000 	C:\WINDOWS\System32\KERNELBASE.dll
0x00007ff8a4400000 - 0x00007ff8a44ac000 	C:\WINDOWS\System32\ADVAPI32.dll
0x00007ff8a56d0000 - 0x00007ff8a576e000 	C:\WINDOWS\System32\msvcrt.dll
0x00007ff8a4b70000 - 0x00007ff8a4c0b000 	C:\WINDOWS\System32\sechost.dll
0x00007ff8a45e0000 - 0x00007ff8a470a000 	C:\WINDOWS\System32\RPCRT4.dll
0x00007ff8a54e0000 - 0x00007ff8a5681000 	C:\WINDOWS\System32\USER32.dll
0x00007ff8a3750000 - 0x00007ff8a3772000 	C:\WINDOWS\System32\win32u.dll
0x00007ff8a4ee0000 - 0x00007ff8a4f0b000 	C:\WINDOWS\System32\GDI32.dll
0x00007ff8a3f70000 - 0x00007ff8a407b000 	C:\WINDOWS\System32\gdi32full.dll
0x00007ff8a37e0000 - 0x00007ff8a387d000 	C:\WINDOWS\System32\msvcp_win.dll
0x00007ff8a3d30000 - 0x00007ff8a3e30000 	C:\WINDOWS\System32\ucrtbase.dll
0x00007ff898400000 - 0x00007ff89869a000 	C:\WINDOWS\WinSxS\amd64_microsoft.windows.common-controls_6595b64144ccf1df_6.0.19041.1110_none_60b5254171f9507e\COMCTL32.dll
0x00007ff8a5690000 - 0x00007ff8a56c0000 	C:\WINDOWS\System32\IMM32.DLL
0x00007ff885070000 - 0x00007ff885085000 	C:\Program Files\Java\jre1.8.0_311\bin\vcruntime140.dll
0x00007ff874bf0000 - 0x00007ff874c8b000 	C:\Program Files\Java\jre1.8.0_311\bin\msvcp140.dll
0x00000000697f0000 - 0x000000006a050000 	C:\Program Files\Java\jre1.8.0_311\bin\server\jvm.dll
0x00007ff8a5f30000 - 0x00007ff8a5f38000 	C:\WINDOWS\System32\PSAPI.DLL
0x00007ff895160000 - 0x00007ff895187000 	C:\WINDOWS\SYSTEM32\WINMM.dll
0x00007ff894fb0000 - 0x00007ff894fb9000 	C:\WINDOWS\SYSTEM32\WSOCK32.dll
0x00007ff8a4d50000 - 0x00007ff8a4dbb000 	C:\WINDOWS\System32\WS2_32.dll
0x00007ff89da30000 - 0x00007ff89da3a000 	C:\WINDOWS\SYSTEM32\VERSION.dll
0x00007ff8a2000000 - 0x00007ff8a2012000 	C:\WINDOWS\SYSTEM32\kernel.appcore.dll
0x00007ff89a0e0000 - 0x00007ff89a0f0000 	C:\Program Files\Java\jre1.8.0_311\bin\verify.dll
0x00007ff89a0b0000 - 0x00007ff89a0db000 	C:\Program Files\Java\jre1.8.0_311\bin\java.dll
0x00007ff899fb0000 - 0x00007ff899fc8000 	C:\Program Files\Java\jre1.8.0_311\bin\zip.dll
0x00007ff8a5770000 - 0x00007ff8a5eaf000 	C:\WINDOWS\System32\SHELL32.dll
0x00007ff8a1460000 - 0x00007ff8a1bf0000 	C:\WINDOWS\SYSTEM32\windows.storage.dll
0x00007ff8a4080000 - 0x00007ff8a43d5000 	C:\WINDOWS\System32\combase.dll
0x00007ff8a31a0000 - 0x00007ff8a31ce000 	C:\WINDOWS\SYSTEM32\Wldp.dll
0x00007ff8a4a00000 - 0x00007ff8a4aad000 	C:\WINDOWS\System32\SHCORE.dll
0x00007ff8a49a0000 - 0x00007ff8a49f5000 	C:\WINDOWS\System32\shlwapi.dll
0x00007ff8a3690000 - 0x00007ff8a36af000 	C:\WINDOWS\SYSTEM32\profapi.dll
0x00007ff8997d0000 - 0x00007ff8997ec000 	C:\Program Files\Java\jre1.8.0_311\bin\net.dll
0x00007ff8a2e90000 - 0x00007ff8a2efa000 	C:\WINDOWS\system32\mswsock.dll
0x00007ff877290000 - 0x00007ff8772a7000 	C:\WINDOWS\system32\napinsp.dll
0x00007ff843bb0000 - 0x00007ff843bcb000 	C:\WINDOWS\system32\pnrpnsp.dll
0x00007ff89b880000 - 0x00007ff89b89d000 	C:\WINDOWS\system32\NLAapi.dll
0x00007ff8a2b80000 - 0x00007ff8a2bbb000 	C:\WINDOWS\SYSTEM32\IPHLPAPI.DLL
0x00007ff89f0a0000 - 0x00007ff89f0b5000 	C:\WINDOWS\system32\wshbth.dll
0x00007ff8a2bc0000 - 0x00007ff8a2c8b000 	C:\WINDOWS\SYSTEM32\DNSAPI.dll
0x00007ff8a56c0000 - 0x00007ff8a56c8000 	C:\WINDOWS\System32\NSI.dll
0x00007ff843b90000 - 0x00007ff843ba2000 	C:\WINDOWS\System32\winrnr.dll
0x00007ff897ed0000 - 0x00007ff897eda000 	C:\Windows\System32\rasadhlp.dll
0x00007ff897ef0000 - 0x00007ff897f6f000 	C:\WINDOWS\System32\fwpuclnt.dll
0x00007ff8a3b50000 - 0x00007ff8a3b77000 	C:\WINDOWS\System32\bcrypt.dll
0x00007ff8997f0000 - 0x00007ff8997fd000 	C:\Program Files\Java\jre1.8.0_311\bin\management.dll
0x00007ff899fe0000 - 0x00007ff899fea000 	C:\Program Files\Java\jre1.8.0_311\bin\w2k_lsa_auth.dll
0x00007ff895b90000 - 0x00007ff895b9c000 	C:\WINDOWS\SYSTEM32\Secur32.dll
0x00007ff8a3610000 - 0x00007ff8a3641000 	C:\WINDOWS\SYSTEM32\SSPICLI.DLL
0x00007ff899fd0000 - 0x00007ff899fd9000 	C:\Program Files\Java\jre1.8.0_311\bin\jaas_nt.dll
0x00007ff887420000 - 0x00007ff887433000 	C:\Program Files\Java\jre1.8.0_311\bin\nio.dll
0x00007ff8a30f0000 - 0x00007ff8a3108000 	C:\WINDOWS\SYSTEM32\CRYPTSP.dll
0x00007ff8a27b0000 - 0x00007ff8a27e4000 	C:\WINDOWS\system32\rsaenh.dll
0x00007ff8a3650000 - 0x00007ff8a367e000 	C:\WINDOWS\SYSTEM32\USERENV.dll
0x00007ff8a3ee0000 - 0x00007ff8a3f63000 	C:\WINDOWS\System32\bcryptprimitives.dll
0x00007ff8a3110000 - 0x00007ff8a311c000 	C:\WINDOWS\SYSTEM32\CRYPTBASE.dll
0x00007ff89a540000 - 0x00007ff89a557000 	C:\WINDOWS\SYSTEM32\dhcpcsvc6.DLL
0x00007ff89b3c0000 - 0x00007ff89b3dd000 	C:\WINDOWS\SYSTEM32\dhcpcsvc.DLL
0x0000000066f40000 - 0x0000000066fc3000 	C:\Users\fmyke\AppData\Local\Temp\liblz4-java-6555817359374116510.so
0x00007ff8a1cc0000 - 0x00007ff8a1ea4000 	C:\WINDOWS\SYSTEM32\dbghelp.dll

VM Arguments:
jvm_args: -Dfile.encoding=UTF-8 -Xbootclasspath/p:C:\Users\fmyke\Desktop\eclipse\plugins\org.scala-lang.scala-library_2.12.3.v20170725-052526-VFINAL-6ac6da8.jar;C:\Users\fmyke\Desktop\eclipse\plugins\org.scala-lang.scala-reflect_2.12.3.v20170725-052526-VFINAL-6ac6da8.jar 
java_command: main.scala.MinimumSpanningTree
java_class_path (initial): C:\Users\fmyke\workspace\MST\bin;C:\Spark\spark-3.0.3-bin-hadoop2.7\jars\activation-1.1.1.jar;C:\Spark\spark-3.0.3-bin-hadoop2.7\jars\aircompressor-0.10.jar;C:\Spark\spark-3.0.3-bin-hadoop2.7\jars\algebra_2.12-2.0.0-M2.jar;C:\Spark\spark-3.0.3-bin-hadoop2.7\jars\antlr4-runtime-4.7.1.jar;C:\Spark\spark-3.0.3-bin-hadoop2.7\jars\antlr-runtime-3.5.2.jar;C:\Spark\spark-3.0.3-bin-hadoop2.7\jars\aopalliance-1.0.jar;C:\Spark\spark-3.0.3-bin-hadoop2.7\jars\aopalliance-repackaged-2.6.1.jar;C:\Spark\spark-3.0.3-bin-hadoop2.7\jars\apacheds-i18n-2.0.0-M15.jar;C:\Spark\spark-3.0.3-bin-hadoop2.7\jars\apacheds-kerberos-codec-2.0.0-M15.jar;C:\Spark\spark-3.0.3-bin-hadoop2.7\jars\api-asn1-api-1.0.0-M20.jar;C:\Spark\spark-3.0.3-bin-hadoop2.7\jars\api-util-1.0.0-M20.jar;C:\Spark\spark-3.0.3-bin-hadoop2.7\jars\arpack_combined_all-0.1.jar;C:\Spark\spark-3.0.3-bin-hadoop2.7\jars\arrow-format-0.15.1.jar;C:\Spark\spark-3.0.3-bin-hadoop2.7\jars\arrow-memory-0.15.1.jar;C:\Spark\spark-3.0.3-bin-hadoop2.7\jars\arrow-vector-0.15.1.jar;C:\Spark\spark-3.0.3-bin-hadoop2.7\jars\audience-annotations-0.5.0.jar;C:\Spark\spark-3.0.3-bin-hadoop2.7\jars\automaton-1.11-8.jar;C:\Spark\spark-3.0.3-bin-hadoop2.7\jars\avro-1.8.2.jar;C:\Spark\spark-3.0.3-bin-hadoop2.7\jars\avro-ipc-1.8.2.jar;C:\Spark\spark-3.0.3-bin-hadoop2.7\jars\avro-mapred-1.8.2-hadoop2.jar;C:\Spark\spark-3.0.3-bin-hadoop2.7\jars\bonecp-0.8.0.RELEASE.jar;C:\Spark\spark-3.0.3-bin-hadoop2.7\jars\breeze_2.12-1.0.jar;C:\Spark\spark-3.0.3-bin-hadoop2.7\jars\breeze-macros_2.12-1.0.jar;C:\Spark\spark-3.0.3-bin-hadoop2.7\jars\cats-kernel_2.12-2.0.0-M4.jar;C:\Spark\spark-3.0.3-bin-hadoop2.7\jars\chill_2.12-0.9.5.jar;C:\Spark\spark-3.0.3-bin-hadoop2.7\jars\chill-java-0.9.5.jar;C:\Spark\spark-3.0.3-bin-hadoop2.7\jars\commons-beanutils-1.9.4.jar;C:\Spark\spark-3.0.3-bin-hadoop2.7\jars\commons-cli-1.2.jar;C:\Spark\spark-3.0.3-bin-hadoop2.7\jars\commons-codec-1.10.jar;C:\Spark\spark-3.0.3-bin-hadoop2.7\jars\commons-collections
Launcher Type: SUN_STANDARD

Environment Variables:
JAVA_HOME=C:\Program Files\Java\jre1.8.0_311
PATH=C:/Program Files/Java/jre1.8.0_311/bin/server;C:/Program Files/Java/jre1.8.0_311/bin;C:/Program Files/Java/jre1.8.0_311/lib/amd64;C:\Program Files\Java\jre1.8.0_311\bin;C:\Spark\spark-3.0.3-bin-hadoop2.7\bin;C:\Spark\spark-3.0.3-bin-hadoop2.7\bin;C:\Program Files (x86)\Common Files\Oracle\Java\javapath;C:\Windows\system32;C:\Windows;C:\Windows\System32\Wbem;C:\Windows\System32\WindowsPowerShell\v1.0\;C:\Program Files\Intel\WiFi\bin\;C:\Program Files\Common Files\Intel\WirelessCommon\;C:\Program Files (x86)\NVIDIA Corporation\PhysX\Common;C:\Program Files (x86)\scala\bin;C:\WINDOWS\system32;C:\WINDOWS;C:\WINDOWS\System32\Wbem;C:\WINDOWS\System32\WindowsPowerShell\v1.0\;C:\WINDOWS\System32\OpenSSH\;C:\Program Files\Java\jre1.8.0_311\bin;C:\Spark\spark-3.0.3-bin-hadoop2.7\bin;C:\Spark\spark-3.0.3-bin-hadoop2.7\bin;C:\Spark\spark-3.0.3-bin-hadoop2.7\python;C:\Spark\spark-3.0.3-bin-hadoop2.7\python\lib\py4j-<version>-src.zip;%PYTHONPATH%;C:\Users\fmyke\AppData\Local\Programs\Python\Python310\Scripts\;C:\Users\fmyke\AppData\Local\Programs\Python\Python310\;C:\Users\fmyke\AppData\Local\Microsoft\WindowsApps;;C:\Users\fmyke\Desktop\eclipse;
USERNAME=fmyke
OS=Windows_NT
PROCESSOR_IDENTIFIER=Intel64 Family 6 Model 158 Stepping 9, GenuineIntel



---------------  S Y S T E M  ---------------

OS: Windows 10.0 , 64 bit Build 19041 (10.0.19041.1348)

CPU:total 4 (initial active 4) (4 cores per cpu, 1 threads per core) family 6 model 158 stepping 9, cmov, cx8, fxsr, mmx, sse, sse2, sse3, ssse3, sse4.1, sse4.2, popcnt, avx, avx2, aes, clmul, erms, 3dnowpref, lzcnt, tsc, tscinvbit, bmi1, bmi2, adx

Memory: 4k page, physical 16636056k(2701832k free), swap 30355220k(5168k free)

vm_info: Java HotSpot(TM) 64-Bit Server VM (25.311-b11) for windows-amd64 JRE (1.8.0_311-b11), built on Sep 27 2021 05:15:14 by "java_re" with MS VC++ 15.9 (VS2017)

time: Mon Nov 22 14:23:45 2021
timezone: 
elapsed time: 28.185804 seconds (0d 0h 0m 28s)

