JvmtiExport can_access_local_variables 0
JvmtiExport can_hotswap_or_post_breakpoint 0
JvmtiExport can_post_on_exceptions 0
# 995 ciObject found
instanceKlass java/lang/invoke/LambdaForm$BMH
instanceKlass java/lang/invoke/LambdaForm$BMH
instanceKlass java/lang/invoke/LambdaForm$BMH
instanceKlass java/lang/invoke/LambdaForm$MH
instanceKlass java/lang/invoke/LambdaForm$BMH
instanceKlass java/lang/invoke/LambdaForm$MH
instanceKlass java/lang/invoke/LambdaForm$BMH
instanceKlass java/lang/invoke/LambdaForm$MH
instanceKlass java/lang/invoke/LambdaForm$BMH
instanceKlass java/lang/invoke/LambdaForm$BMH
instanceKlass java/lang/invoke/LambdaForm$MH
instanceKlass java/lang/invoke/LambdaForm$BMH
instanceKlass scala/collection/mutable/ArrayOps$ofBoolean
instanceKlass org/apache/spark/Aggregator$$Lambda$1634
instanceKlass org/apache/spark/Aggregator$$Lambda$1633
instanceKlass main/scala/MinimumSpanningTree$$$Lambda$1632
instanceKlass org/apache/spark/rdd/RDD$$Lambda$1631
instanceKlass org/apache/spark/util/collection/OpenHashSet$$Lambda$1630
instanceKlass main/scala/MinimumSpanningTree$$$Lambda$1629
instanceKlass main/scala/MinimumSpanningTree$$$Lambda$1628
instanceKlass org/apache/spark/util/collection/ExternalSorter$$Lambda$1627
instanceKlass org/apache/spark/util/collection/ExternalSorter$$Lambda$1626
instanceKlass org/apache/spark/util/collection/ExternalSorter$SpilledFile
instanceKlass org/apache/spark/shuffle/ShufflePartitionPairsWriter$$Lambda$1625
instanceKlass org/apache/spark/shuffle/ShufflePartitionPairsWriter$$Lambda$1624
instanceKlass org/apache/spark/shuffle/ShufflePartitionPairsWriter$$Lambda$1623
instanceKlass org/apache/spark/shuffle/ShufflePartitionPairsWriter$$Lambda$1622
instanceKlass org/apache/spark/shuffle/ShufflePartitionPairsWriter$$Lambda$1621
instanceKlass org/apache/spark/shuffle/ShufflePartitionPairsWriter$$Lambda$1620
instanceKlass org/apache/spark/shuffle/ShufflePartitionPairsWriter$$Lambda$1619
instanceKlass org/apache/spark/shuffle/ShufflePartitionPairsWriter$$Lambda$1618
instanceKlass org/apache/spark/shuffle/ShufflePartitionPairsWriter
instanceKlass org/apache/spark/util/collection/ExternalSorter$$Lambda$1617
instanceKlass java/lang/invoke/LambdaForm$MH
instanceKlass java/lang/invoke/LambdaForm$DMH
instanceKlass java/lang/invoke/LambdaForm$DMH
instanceKlass org/apache/spark/util/collection/ExternalSorter$$Lambda$1616
instanceKlass java/lang/invoke/LambdaForm$DMH
instanceKlass org/apache/spark/util/collection/WritablePartitionedPairCollection$$anon$1
instanceKlass org/apache/spark/util/collection/AppendOnlyMap$$anon$2
instanceKlass org/apache/spark/util/collection/TimSort$SortState
instanceKlass org/apache/spark/util/collection/PartitionedAppendOnlyMap$$Lambda$1615
instanceKlass org/apache/spark/util/collection/WritablePartitionedPairCollection$$$Lambda$1614
instanceKlass org/apache/spark/util/collection/WritablePartitionedPairCollection$
instanceKlass org/apache/spark/util/collection/PartitionedAppendOnlyMap$$Lambda$1613
instanceKlass org/apache/spark/util/collection/AppendOnlyMap$$Lambda$1612
instanceKlass org/apache/spark/deploy/SparkHadoopUtil$$anon$2$$Lambda$1611
instanceKlass org/apache/spark/rdd/HadoopRDD$$anon$1$$Lambda$1610
instanceKlass org/apache/spark/util/collection/ExternalSorter$$Lambda$1609
instanceKlass org/apache/spark/util/collection/ExternalSorter$$Lambda$1608
instanceKlass org/apache/spark/util/collection/ExternalSorter$$Lambda$1607
instanceKlass org/apache/spark/util/collection/PartitionedPairBuffer$$Lambda$1606
instanceKlass org/apache/spark/util/collection/PartitionedPairBuffer$$Lambda$1605
instanceKlass org/apache/spark/util/collection/PartitionedPairBuffer$
instanceKlass org/apache/spark/util/collection/PartitionedPairBuffer
instanceKlass org/apache/spark/util/collection/WritablePartitionedIterator
instanceKlass org/apache/spark/util/collection/ExternalSorter$$Lambda$1604
instanceKlass org/apache/spark/util/collection/ExternalSorter$$Lambda$1603
instanceKlass org/apache/spark/util/collection/WritablePartitionedPairCollection
instanceKlass org/apache/spark/rdd/HadoopRDD$$anon$1$$Lambda$1602
instanceKlass org/apache/hadoop/fs/ContentSummary
instanceKlass org/apache/hadoop/fs/ContentSummary$Builder
instanceKlass org/apache/hadoop/util/IdentityHashStore
instanceKlass org/apache/hadoop/util/LineReader
instanceKlass org/apache/hadoop/mapred/LineRecordReader
instanceKlass org/apache/hadoop/mapred/Reporter$1
instanceKlass org/apache/hadoop/mapred/Reporter
